06-May-2022 03:00:41.810 信息 [ContainerBackgroundProcessor[StandardEngine[Catalina]]] org.apache.catalina.startup.HostConfig.undeploy 正在取消部署上下文[/CanGuanServer]
06-May-2022 03:00:41.829 警告 [ContainerBackgroundProcessor[StandardEngine[Catalina]]] org.apache.catalina.loader.WebappClassLoaderBase.clearReferencesJdbc Web应用程序 [CanGuanServer] 注册了JDBC驱动程序 [com.mysql.jdbc.Driver]，但在Web应用程序停止时无法注销它。 为防止内存泄漏，JDBC驱动程序已被强制取消注册。
06-May-2022 03:00:41.830 警告 [ContainerBackgroundProcessor[StandardEngine[Catalina]]] org.apache.catalina.loader.WebappClassLoaderBase.clearReferencesThreads Web应用程序[CanGuanServer]似乎启动了一个名为[Abandoned connection cleanup thread]的线程，但未能停止它。这很可能会造成内存泄漏。线程的堆栈跟踪：[
 java.lang.Object.wait(Native Method)
 java.lang.ref.ReferenceQueue.remove(ReferenceQueue.java:143)
 com.mysql.jdbc.AbandonedConnectionCleanupThread.run(AbandonedConnectionCleanupThread.java:43)]
06-May-2022 03:00:41.847 信息 [localhost-startStop-2] org.apache.catalina.startup.HostConfig.deployWAR 正在部署web应用程序存档文件[C:\Users\msi01\Desktop\apache-tomcat-8.5.64-windows-x64\apache-tomcat-8.5.64\webapps\CanGuanServer.war]
06-May-2022 03:00:42.051 警告 [localhost-startStop-2] org.apache.tomcat.util.descriptor.web.WebXml.setVersion 未知版本字符串 [4.0]。将使用默认版本。
06-May-2022 03:00:42.366 信息 [localhost-startStop-2] org.apache.jasper.servlet.TldScanner.scanJars 至少有一个JAR被扫描用于TLD但尚未包含TLD。 为此记录器启用调试日志记录，以获取已扫描但未在其中找到TLD的完整JAR列表。 在扫描期间跳过不需要的JAR可以缩短启动时间和JSP编译时间。
06-May-2022 03:00:42.375 信息 [localhost-startStop-2] org.apache.catalina.startup.HostConfig.deployWAR web应用程序存档文件[C:\Users\msi01\Desktop\apache-tomcat-8.5.64-windows-x64\apache-tomcat-8.5.64\webapps\CanGuanServer.war]的部署已在[528]ms内完成
06-May-2022 03:00:46.633 信息 [main] org.apache.catalina.startup.VersionLoggerListener.log Server.服务器版本: Apache Tomcat/8.5.64
06-May-2022 03:00:46.650 信息 [main] org.apache.catalina.startup.VersionLoggerListener.log 服务器构建:        Mar 4 2021 23:14:16 UTC
06-May-2022 03:00:46.650 信息 [main] org.apache.catalina.startup.VersionLoggerListener.log 服务器版本号:      8.5.64.0
06-May-2022 03:00:46.650 信息 [main] org.apache.catalina.startup.VersionLoggerListener.log 操作系统名称:      Windows 10
06-May-2022 03:00:46.650 信息 [main] org.apache.catalina.startup.VersionLoggerListener.log OS.版本:           10.0
06-May-2022 03:00:46.650 信息 [main] org.apache.catalina.startup.VersionLoggerListener.log 架构:              amd64
06-May-2022 03:00:46.650 信息 [main] org.apache.catalina.startup.VersionLoggerListener.log Java 环境变量:     D:\Program Files (x86)\Java\jre
06-May-2022 03:00:46.650 信息 [main] org.apache.catalina.startup.VersionLoggerListener.log Java虚拟机版本:    1.8.0_152-b16
06-May-2022 03:00:46.651 信息 [main] org.apache.catalina.startup.VersionLoggerListener.log JVM.供应商:        Oracle Corporation
06-May-2022 03:00:46.651 信息 [main] org.apache.catalina.startup.VersionLoggerListener.log CATALINA_BASE:     C:\Users\msi01\Desktop\apache-tomcat-8.5.64-windows-x64\apache-tomcat-8.5.64
06-May-2022 03:00:46.651 信息 [main] org.apache.catalina.startup.VersionLoggerListener.log CATALINA_HOME:     C:\Users\msi01\Desktop\apache-tomcat-8.5.64-windows-x64\apache-tomcat-8.5.64
06-May-2022 03:00:46.651 信息 [main] org.apache.catalina.startup.VersionLoggerListener.log 命令行参数：       -Djava.util.logging.config.file=C:\Users\msi01\Desktop\apache-tomcat-8.5.64-windows-x64\apache-tomcat-8.5.64\conf\logging.properties
06-May-2022 03:00:46.652 信息 [main] org.apache.catalina.startup.VersionLoggerListener.log 命令行参数：       -Djava.util.logging.manager=org.apache.juli.ClassLoaderLogManager
06-May-2022 03:00:46.652 信息 [main] org.apache.catalina.startup.VersionLoggerListener.log 命令行参数：       -Djdk.tls.ephemeralDHKeySize=2048
06-May-2022 03:00:46.652 信息 [main] org.apache.catalina.startup.VersionLoggerListener.log 命令行参数：       -Djava.protocol.handler.pkgs=org.apache.catalina.webresources
06-May-2022 03:00:46.654 信息 [main] org.apache.catalina.startup.VersionLoggerListener.log 命令行参数：       -Dignore.endorsed.dirs=
06-May-2022 03:00:46.654 信息 [main] org.apache.catalina.startup.VersionLoggerListener.log 命令行参数：       -Dcatalina.base=C:\Users\msi01\Desktop\apache-tomcat-8.5.64-windows-x64\apache-tomcat-8.5.64
06-May-2022 03:00:46.654 信息 [main] org.apache.catalina.startup.VersionLoggerListener.log 命令行参数：       -Dcatalina.home=C:\Users\msi01\Desktop\apache-tomcat-8.5.64-windows-x64\apache-tomcat-8.5.64
06-May-2022 03:00:46.655 信息 [main] org.apache.catalina.startup.VersionLoggerListener.log 命令行参数：       -Djava.io.tmpdir=C:\Users\msi01\Desktop\apache-tomcat-8.5.64-windows-x64\apache-tomcat-8.5.64\temp
06-May-2022 03:00:46.656 信息 [main] org.apache.catalina.core.AprLifecycleListener.lifecycleEvent 使用APR版本[1.7.0]加载了基于APR的Apache Tomcat本机库[1.2.26]。
06-May-2022 03:00:46.656 信息 [main] org.apache.catalina.core.AprLifecycleListener.lifecycleEvent APR功能：IPv6[true]、sendfile[true]、accept filters[false]、random[true]。
06-May-2022 03:00:46.657 信息 [main] org.apache.catalina.core.AprLifecycleListener.lifecycleEvent APR/OpenSSL配置：useAprConnector[false]，useOpenSSL[true]
06-May-2022 03:00:46.662 信息 [main] org.apache.catalina.core.AprLifecycleListener.initializeSSL OpenSSL成功初始化 [OpenSSL 1.1.1i  8 Dec 2020]
06-May-2022 03:00:46.953 信息 [main] org.apache.coyote.AbstractProtocol.init 初始化协议处理器 ["http-nio-8080"]
06-May-2022 03:00:46.963 严重 [main] org.apache.catalina.core.StandardService.initInternal Failed to initialize connector [Connector[HTTP/1.1-8080]]
	org.apache.catalina.LifecycleException: 协议处理程序初始化失败
		at org.apache.catalina.connector.Connector.initInternal(Connector.java:1077)
		at org.apache.catalina.util.LifecycleBase.init(LifecycleBase.java:136)
		at org.apache.catalina.core.StandardService.initInternal(StandardService.java:552)
		at org.apache.catalina.util.LifecycleBase.init(LifecycleBase.java:136)
		at org.apache.catalina.core.StandardServer.initInternal(StandardServer.java:846)
		at org.apache.catalina.util.LifecycleBase.init(LifecycleBase.java:136)
		at org.apache.catalina.startup.Catalina.load(Catalina.java:639)
		at org.apache.catalina.startup.Catalina.load(Catalina.java:662)
		at sun.reflect.NativeMethodAccessorImpl.invoke0(Native Method)
		at sun.reflect.NativeMethodAccessorImpl.invoke(NativeMethodAccessorImpl.java:62)
		at sun.reflect.DelegatingMethodAccessorImpl.invoke(DelegatingMethodAccessorImpl.java:43)
		at java.lang.reflect.Method.invoke(Method.java:498)
		at org.apache.catalina.startup.Bootstrap.load(Bootstrap.java:302)
		at org.apache.catalina.startup.Bootstrap.main(Bootstrap.java:472)
	Caused by: java.net.BindException: Address already in use: bind
		at sun.nio.ch.Net.bind0(Native Method)
		at sun.nio.ch.Net.bind(Net.java:433)
		at sun.nio.ch.Net.bind(Net.java:425)
		at sun.nio.ch.ServerSocketChannelImpl.bind(ServerSocketChannelImpl.java:223)
		at sun.nio.ch.ServerSocketAdaptor.bind(ServerSocketAdaptor.java:74)
		at org.apache.tomcat.util.net.NioEndpoint.bind(NioEndpoint.java:222)
		at org.apache.tomcat.util.net.AbstractEndpoint.init(AbstractEndpoint.java:1143)
		at org.apache.tomcat.util.net.AbstractJsseEndpoint.init(AbstractJsseEndpoint.java:222)
		at org.apache.coyote.AbstractProtocol.init(AbstractProtocol.java:599)
		at org.apache.coyote.http11.AbstractHttp11Protocol.init(AbstractHttp11Protocol.java:80)
		at org.apache.catalina.connector.Connector.initInternal(Connector.java:1075)
		... 13 more
06-May-2022 03:00:46.966 信息 [main] org.apache.catalina.startup.Catalina.load Initialization processed in 678 ms
06-May-2022 03:00:46.989 信息 [main] org.apache.catalina.core.StandardService.startInternal 正在启动服务[Catalina]
06-May-2022 03:00:46.989 信息 [main] org.apache.catalina.core.StandardEngine.startInternal Starting Servlet Engine: Apache Tomcat/8.5.64
06-May-2022 03:00:47.006 信息 [localhost-startStop-1] org.apache.catalina.startup.HostConfig.deployWAR 正在部署web应用程序存档文件[C:\Users\msi01\Desktop\apache-tomcat-8.5.64-windows-x64\apache-tomcat-8.5.64\webapps\CanGuanServer.war]
06-May-2022 03:00:47.094 警告 [localhost-startStop-1] org.apache.tomcat.util.descriptor.web.WebXml.setVersion 未知版本字符串 [4.0]。将使用默认版本。
06-May-2022 03:00:47.456 信息 [localhost-startStop-1] org.apache.jasper.servlet.TldScanner.scanJars 至少有一个JAR被扫描用于TLD但尚未包含TLD。 为此记录器启用调试日志记录，以获取已扫描但未在其中找到TLD的完整JAR列表。 在扫描期间跳过不需要的JAR可以缩短启动时间和JSP编译时间。
06-May-2022 03:00:47.588 信息 [localhost-startStop-1] org.apache.catalina.startup.HostConfig.deployWAR web应用程序存档文件[C:\Users\msi01\Desktop\apache-tomcat-8.5.64-windows-x64\apache-tomcat-8.5.64\webapps\CanGuanServer.war]的部署已在[580]ms内完成
06-May-2022 03:00:47.590 信息 [localhost-startStop-1] org.apache.catalina.startup.HostConfig.deployDirectory 把web 应用程序部署到目录 [C:\Users\msi01\Desktop\apache-tomcat-8.5.64-windows-x64\apache-tomcat-8.5.64\webapps\docs]
06-May-2022 03:00:47.603 信息 [localhost-startStop-1] org.apache.catalina.startup.HostConfig.deployDirectory Web应用程序目录[C:\Users\msi01\Desktop\apache-tomcat-8.5.64-windows-x64\apache-tomcat-8.5.64\webapps\docs]的部署已在[13]毫秒内完成
06-May-2022 03:00:47.604 信息 [localhost-startStop-1] org.apache.catalina.startup.HostConfig.deployDirectory 把web 应用程序部署到目录 [C:\Users\msi01\Desktop\apache-tomcat-8.5.64-windows-x64\apache-tomcat-8.5.64\webapps\examples]
06-May-2022 03:00:47.771 信息 [localhost-startStop-1] org.apache.catalina.startup.HostConfig.deployDirectory Web应用程序目录[C:\Users\msi01\Desktop\apache-tomcat-8.5.64-windows-x64\apache-tomcat-8.5.64\webapps\examples]的部署已在[167]毫秒内完成
06-May-2022 03:00:47.777 信息 [localhost-startStop-1] org.apache.catalina.startup.HostConfig.deployDirectory 把web 应用程序部署到目录 [C:\Users\msi01\Desktop\apache-tomcat-8.5.64-windows-x64\apache-tomcat-8.5.64\webapps\host-manager]
06-May-2022 03:00:47.798 信息 [localhost-startStop-1] org.apache.catalina.startup.HostConfig.deployDirectory Web应用程序目录[C:\Users\msi01\Desktop\apache-tomcat-8.5.64-windows-x64\apache-tomcat-8.5.64\webapps\host-manager]的部署已在[20]毫秒内完成
06-May-2022 03:00:47.804 信息 [localhost-startStop-1] org.apache.catalina.startup.HostConfig.deployDirectory 把web 应用程序部署到目录 [C:\Users\msi01\Desktop\apache-tomcat-8.5.64-windows-x64\apache-tomcat-8.5.64\webapps\manager]
06-May-2022 03:00:47.821 信息 [localhost-startStop-1] org.apache.catalina.startup.HostConfig.deployDirectory Web应用程序目录[C:\Users\msi01\Desktop\apache-tomcat-8.5.64-windows-x64\apache-tomcat-8.5.64\webapps\manager]的部署已在[17]毫秒内完成
06-May-2022 03:00:47.828 信息 [localhost-startStop-1] org.apache.catalina.startup.HostConfig.deployDirectory 把web 应用程序部署到目录 [C:\Users\msi01\Desktop\apache-tomcat-8.5.64-windows-x64\apache-tomcat-8.5.64\webapps\ROOT]
06-May-2022 03:00:47.842 信息 [localhost-startStop-1] org.apache.catalina.startup.HostConfig.deployDirectory Web应用程序目录[C:\Users\msi01\Desktop\apache-tomcat-8.5.64-windows-x64\apache-tomcat-8.5.64\webapps\ROOT]的部署已在[13]毫秒内完成
06-May-2022 03:00:47.844 信息 [main] org.apache.catalina.startup.Catalina.start Server startup in 878 ms
06-May-2022 03:00:47.847 严重 [main] org.apache.catalina.core.StandardServer.await StandardServer.await: create[localhost:8005]: 
	java.net.BindException: Address already in use: JVM_Bind
		at java.net.DualStackPlainSocketImpl.bind0(Native Method)
		at java.net.DualStackPlainSocketImpl.socketBind(DualStackPlainSocketImpl.java:106)
		at java.net.AbstractPlainSocketImpl.bind(AbstractPlainSocketImpl.java:387)
		at java.net.PlainSocketImpl.bind(PlainSocketImpl.java:190)
		at java.net.ServerSocket.bind(ServerSocket.java:375)
		at java.net.ServerSocket.<init>(ServerSocket.java:237)
		at org.apache.catalina.core.StandardServer.await(StandardServer.java:421)
		at org.apache.catalina.startup.Catalina.await(Catalina.java:776)
		at org.apache.catalina.startup.Catalina.start(Catalina.java:722)
		at sun.reflect.NativeMethodAccessorImpl.invoke0(Native Method)
		at sun.reflect.NativeMethodAccessorImpl.invoke(NativeMethodAccessorImpl.java:62)
		at sun.reflect.DelegatingMethodAccessorImpl.invoke(DelegatingMethodAccessorImpl.java:43)
		at java.lang.reflect.Method.invoke(Method.java:498)
		at org.apache.catalina.startup.Bootstrap.start(Bootstrap.java:342)
		at org.apache.catalina.startup.Bootstrap.main(Bootstrap.java:473)
06-May-2022 03:00:47.854 信息 [main] org.apache.coyote.AbstractProtocol.pause 暂停ProtocolHandler["http-nio-8080"]
06-May-2022 03:00:47.854 信息 [main] org.apache.catalina.core.StandardService.stopInternal 正在停止服务[Catalina]
06-May-2022 03:00:47.866 信息 [main] org.apache.coyote.AbstractProtocol.stop 正在停止ProtocolHandler ["http-nio-8080"]
06-May-2022 03:00:47.867 信息 [main] org.apache.coyote.AbstractProtocol.destroy 正在摧毁协议处理器 ["http-nio-8080"]
06-May-2022 03:03:44.617 信息 [main] org.apache.catalina.startup.VersionLoggerListener.log Server.服务器版本: Apache Tomcat/8.5.64
06-May-2022 03:03:44.621 信息 [main] org.apache.catalina.startup.VersionLoggerListener.log 服务器构建:        Mar 4 2021 23:14:16 UTC
06-May-2022 03:03:44.621 信息 [main] org.apache.catalina.startup.VersionLoggerListener.log 服务器版本号:      8.5.64.0
06-May-2022 03:03:44.621 信息 [main] org.apache.catalina.startup.VersionLoggerListener.log 操作系统名称:      Windows 10
06-May-2022 03:03:44.622 信息 [main] org.apache.catalina.startup.VersionLoggerListener.log OS.版本:           10.0
06-May-2022 03:03:44.622 信息 [main] org.apache.catalina.startup.VersionLoggerListener.log 架构:              amd64
06-May-2022 03:03:44.622 信息 [main] org.apache.catalina.startup.VersionLoggerListener.log Java 环境变量:     D:\Program Files (x86)\Java\jre
06-May-2022 03:03:44.622 信息 [main] org.apache.catalina.startup.VersionLoggerListener.log Java虚拟机版本:    1.8.0_152-b16
06-May-2022 03:03:44.622 信息 [main] org.apache.catalina.startup.VersionLoggerListener.log JVM.供应商:        Oracle Corporation
06-May-2022 03:03:44.622 信息 [main] org.apache.catalina.startup.VersionLoggerListener.log CATALINA_BASE:     C:\Users\msi01\Desktop\apache-tomcat-8.5.64-windows-x64\apache-tomcat-8.5.64
06-May-2022 03:03:44.622 信息 [main] org.apache.catalina.startup.VersionLoggerListener.log CATALINA_HOME:     C:\Users\msi01\Desktop\apache-tomcat-8.5.64-windows-x64\apache-tomcat-8.5.64
06-May-2022 03:03:44.622 信息 [main] org.apache.catalina.startup.VersionLoggerListener.log 命令行参数：       -Djava.util.logging.config.file=C:\Users\msi01\Desktop\apache-tomcat-8.5.64-windows-x64\apache-tomcat-8.5.64\conf\logging.properties
06-May-2022 03:03:44.623 信息 [main] org.apache.catalina.startup.VersionLoggerListener.log 命令行参数：       -Djava.util.logging.manager=org.apache.juli.ClassLoaderLogManager
06-May-2022 03:03:44.623 信息 [main] org.apache.catalina.startup.VersionLoggerListener.log 命令行参数：       -Djdk.tls.ephemeralDHKeySize=2048
06-May-2022 03:03:44.623 信息 [main] org.apache.catalina.startup.VersionLoggerListener.log 命令行参数：       -Djava.protocol.handler.pkgs=org.apache.catalina.webresources
06-May-2022 03:03:44.624 信息 [main] org.apache.catalina.startup.VersionLoggerListener.log 命令行参数：       -Dignore.endorsed.dirs=
06-May-2022 03:03:44.624 信息 [main] org.apache.catalina.startup.VersionLoggerListener.log 命令行参数：       -Dcatalina.base=C:\Users\msi01\Desktop\apache-tomcat-8.5.64-windows-x64\apache-tomcat-8.5.64
06-May-2022 03:03:44.625 信息 [main] org.apache.catalina.startup.VersionLoggerListener.log 命令行参数：       -Dcatalina.home=C:\Users\msi01\Desktop\apache-tomcat-8.5.64-windows-x64\apache-tomcat-8.5.64
06-May-2022 03:03:44.625 信息 [main] org.apache.catalina.startup.VersionLoggerListener.log 命令行参数：       -Djava.io.tmpdir=C:\Users\msi01\Desktop\apache-tomcat-8.5.64-windows-x64\apache-tomcat-8.5.64\temp
06-May-2022 03:03:44.625 信息 [main] org.apache.catalina.core.AprLifecycleListener.lifecycleEvent 使用APR版本[1.7.0]加载了基于APR的Apache Tomcat本机库[1.2.26]。
06-May-2022 03:03:44.626 信息 [main] org.apache.catalina.core.AprLifecycleListener.lifecycleEvent APR功能：IPv6[true]、sendfile[true]、accept filters[false]、random[true]。
06-May-2022 03:03:44.626 信息 [main] org.apache.catalina.core.AprLifecycleListener.lifecycleEvent APR/OpenSSL配置：useAprConnector[false]，useOpenSSL[true]
06-May-2022 03:03:44.629 信息 [main] org.apache.catalina.core.AprLifecycleListener.initializeSSL OpenSSL成功初始化 [OpenSSL 1.1.1i  8 Dec 2020]
06-May-2022 03:03:44.705 信息 [main] org.apache.coyote.AbstractProtocol.init 初始化协议处理器 ["http-nio-8080"]
06-May-2022 03:03:44.711 严重 [main] org.apache.catalina.core.StandardService.initInternal Failed to initialize connector [Connector[HTTP/1.1-8080]]
	org.apache.catalina.LifecycleException: 协议处理程序初始化失败
		at org.apache.catalina.connector.Connector.initInternal(Connector.java:1077)
		at org.apache.catalina.util.LifecycleBase.init(LifecycleBase.java:136)
		at org.apache.catalina.core.StandardService.initInternal(StandardService.java:552)
		at org.apache.catalina.util.LifecycleBase.init(LifecycleBase.java:136)
		at org.apache.catalina.core.StandardServer.initInternal(StandardServer.java:846)
		at org.apache.catalina.util.LifecycleBase.init(LifecycleBase.java:136)
		at org.apache.catalina.startup.Catalina.load(Catalina.java:639)
		at org.apache.catalina.startup.Catalina.load(Catalina.java:662)
		at sun.reflect.NativeMethodAccessorImpl.invoke0(Native Method)
		at sun.reflect.NativeMethodAccessorImpl.invoke(NativeMethodAccessorImpl.java:62)
		at sun.reflect.DelegatingMethodAccessorImpl.invoke(DelegatingMethodAccessorImpl.java:43)
		at java.lang.reflect.Method.invoke(Method.java:498)
		at org.apache.catalina.startup.Bootstrap.load(Bootstrap.java:302)
		at org.apache.catalina.startup.Bootstrap.main(Bootstrap.java:472)
	Caused by: java.net.BindException: Address already in use: bind
		at sun.nio.ch.Net.bind0(Native Method)
		at sun.nio.ch.Net.bind(Net.java:433)
		at sun.nio.ch.Net.bind(Net.java:425)
		at sun.nio.ch.ServerSocketChannelImpl.bind(ServerSocketChannelImpl.java:223)
		at sun.nio.ch.ServerSocketAdaptor.bind(ServerSocketAdaptor.java:74)
		at org.apache.tomcat.util.net.NioEndpoint.bind(NioEndpoint.java:222)
		at org.apache.tomcat.util.net.AbstractEndpoint.init(AbstractEndpoint.java:1143)
		at org.apache.tomcat.util.net.AbstractJsseEndpoint.init(AbstractJsseEndpoint.java:222)
		at org.apache.coyote.AbstractProtocol.init(AbstractProtocol.java:599)
		at org.apache.coyote.http11.AbstractHttp11Protocol.init(AbstractHttp11Protocol.java:80)
		at org.apache.catalina.connector.Connector.initInternal(Connector.java:1075)
		... 13 more
06-May-2022 03:03:44.713 信息 [main] org.apache.catalina.startup.Catalina.load Initialization processed in 287 ms
06-May-2022 03:03:44.730 信息 [main] org.apache.catalina.core.StandardService.startInternal 正在启动服务[Catalina]
06-May-2022 03:03:44.730 信息 [main] org.apache.catalina.core.StandardEngine.startInternal Starting Servlet Engine: Apache Tomcat/8.5.64
06-May-2022 03:03:44.747 信息 [localhost-startStop-1] org.apache.catalina.startup.HostConfig.deployWAR 正在部署web应用程序存档文件[C:\Users\msi01\Desktop\apache-tomcat-8.5.64-windows-x64\apache-tomcat-8.5.64\webapps\CanGuanServer.war]
06-May-2022 03:03:44.830 警告 [localhost-startStop-1] org.apache.tomcat.util.descriptor.web.WebXml.setVersion 未知版本字符串 [4.0]。将使用默认版本。
06-May-2022 03:03:45.205 信息 [localhost-startStop-1] org.apache.jasper.servlet.TldScanner.scanJars 至少有一个JAR被扫描用于TLD但尚未包含TLD。 为此记录器启用调试日志记录，以获取已扫描但未在其中找到TLD的完整JAR列表。 在扫描期间跳过不需要的JAR可以缩短启动时间和JSP编译时间。
06-May-2022 03:03:45.323 信息 [localhost-startStop-1] org.apache.catalina.startup.HostConfig.deployWAR web应用程序存档文件[C:\Users\msi01\Desktop\apache-tomcat-8.5.64-windows-x64\apache-tomcat-8.5.64\webapps\CanGuanServer.war]的部署已在[574]ms内完成
06-May-2022 03:03:45.329 信息 [localhost-startStop-1] org.apache.catalina.startup.HostConfig.deployDirectory 把web 应用程序部署到目录 [C:\Users\msi01\Desktop\apache-tomcat-8.5.64-windows-x64\apache-tomcat-8.5.64\webapps\docs]
06-May-2022 03:03:45.341 信息 [localhost-startStop-1] org.apache.catalina.startup.HostConfig.deployDirectory Web应用程序目录[C:\Users\msi01\Desktop\apache-tomcat-8.5.64-windows-x64\apache-tomcat-8.5.64\webapps\docs]的部署已在[11]毫秒内完成
06-May-2022 03:03:45.341 信息 [localhost-startStop-1] org.apache.catalina.startup.HostConfig.deployDirectory 把web 应用程序部署到目录 [C:\Users\msi01\Desktop\apache-tomcat-8.5.64-windows-x64\apache-tomcat-8.5.64\webapps\examples]
06-May-2022 03:03:45.483 信息 [localhost-startStop-1] org.apache.catalina.startup.HostConfig.deployDirectory Web应用程序目录[C:\Users\msi01\Desktop\apache-tomcat-8.5.64-windows-x64\apache-tomcat-8.5.64\webapps\examples]的部署已在[142]毫秒内完成
06-May-2022 03:03:45.492 信息 [localhost-startStop-1] org.apache.catalina.startup.HostConfig.deployDirectory 把web 应用程序部署到目录 [C:\Users\msi01\Desktop\apache-tomcat-8.5.64-windows-x64\apache-tomcat-8.5.64\webapps\host-manager]
06-May-2022 03:03:45.512 信息 [localhost-startStop-1] org.apache.catalina.startup.HostConfig.deployDirectory Web应用程序目录[C:\Users\msi01\Desktop\apache-tomcat-8.5.64-windows-x64\apache-tomcat-8.5.64\webapps\host-manager]的部署已在[19]毫秒内完成
06-May-2022 03:03:45.518 信息 [localhost-startStop-1] org.apache.catalina.startup.HostConfig.deployDirectory 把web 应用程序部署到目录 [C:\Users\msi01\Desktop\apache-tomcat-8.5.64-windows-x64\apache-tomcat-8.5.64\webapps\manager]
06-May-2022 03:03:45.535 信息 [localhost-startStop-1] org.apache.catalina.startup.HostConfig.deployDirectory Web应用程序目录[C:\Users\msi01\Desktop\apache-tomcat-8.5.64-windows-x64\apache-tomcat-8.5.64\webapps\manager]的部署已在[17]毫秒内完成
06-May-2022 03:03:45.536 信息 [localhost-startStop-1] org.apache.catalina.startup.HostConfig.deployDirectory 把web 应用程序部署到目录 [C:\Users\msi01\Desktop\apache-tomcat-8.5.64-windows-x64\apache-tomcat-8.5.64\webapps\ROOT]
06-May-2022 03:03:45.555 信息 [localhost-startStop-1] org.apache.catalina.startup.HostConfig.deployDirectory Web应用程序目录[C:\Users\msi01\Desktop\apache-tomcat-8.5.64-windows-x64\apache-tomcat-8.5.64\webapps\ROOT]的部署已在[18]毫秒内完成
06-May-2022 03:03:45.557 信息 [main] org.apache.catalina.startup.Catalina.start Server startup in 844 ms
06-May-2022 03:03:45.561 严重 [main] org.apache.catalina.core.StandardServer.await StandardServer.await: create[localhost:8005]: 
	java.net.BindException: Address already in use: JVM_Bind
		at java.net.DualStackPlainSocketImpl.bind0(Native Method)
		at java.net.DualStackPlainSocketImpl.socketBind(DualStackPlainSocketImpl.java:106)
		at java.net.AbstractPlainSocketImpl.bind(AbstractPlainSocketImpl.java:387)
		at java.net.PlainSocketImpl.bind(PlainSocketImpl.java:190)
		at java.net.ServerSocket.bind(ServerSocket.java:375)
		at java.net.ServerSocket.<init>(ServerSocket.java:237)
		at org.apache.catalina.core.StandardServer.await(StandardServer.java:421)
		at org.apache.catalina.startup.Catalina.await(Catalina.java:776)
		at org.apache.catalina.startup.Catalina.start(Catalina.java:722)
		at sun.reflect.NativeMethodAccessorImpl.invoke0(Native Method)
		at sun.reflect.NativeMethodAccessorImpl.invoke(NativeMethodAccessorImpl.java:62)
		at sun.reflect.DelegatingMethodAccessorImpl.invoke(DelegatingMethodAccessorImpl.java:43)
		at java.lang.reflect.Method.invoke(Method.java:498)
		at org.apache.catalina.startup.Bootstrap.start(Bootstrap.java:342)
		at org.apache.catalina.startup.Bootstrap.main(Bootstrap.java:473)
06-May-2022 03:03:45.568 信息 [main] org.apache.coyote.AbstractProtocol.pause 暂停ProtocolHandler["http-nio-8080"]
06-May-2022 03:03:45.568 信息 [main] org.apache.catalina.core.StandardService.stopInternal 正在停止服务[Catalina]
06-May-2022 03:03:45.582 信息 [main] org.apache.coyote.AbstractProtocol.stop 正在停止ProtocolHandler ["http-nio-8080"]
06-May-2022 03:03:45.583 信息 [main] org.apache.coyote.AbstractProtocol.destroy 正在摧毁协议处理器 ["http-nio-8080"]
06-May-2022 03:05:48.409 信息 [main] org.apache.catalina.startup.VersionLoggerListener.log Server.服务器版本: Apache Tomcat/8.5.64
06-May-2022 03:05:48.413 信息 [main] org.apache.catalina.startup.VersionLoggerListener.log 服务器构建:        Mar 4 2021 23:14:16 UTC
06-May-2022 03:05:48.414 信息 [main] org.apache.catalina.startup.VersionLoggerListener.log 服务器版本号:      8.5.64.0
06-May-2022 03:05:48.414 信息 [main] org.apache.catalina.startup.VersionLoggerListener.log 操作系统名称:      Windows 10
06-May-2022 03:05:48.416 信息 [main] org.apache.catalina.startup.VersionLoggerListener.log OS.版本:           10.0
06-May-2022 03:05:48.416 信息 [main] org.apache.catalina.startup.VersionLoggerListener.log 架构:              amd64
06-May-2022 03:05:48.416 信息 [main] org.apache.catalina.startup.VersionLoggerListener.log Java 环境变量:     D:\Program Files (x86)\Java\jre
06-May-2022 03:05:48.416 信息 [main] org.apache.catalina.startup.VersionLoggerListener.log Java虚拟机版本:    1.8.0_152-b16
06-May-2022 03:05:48.416 信息 [main] org.apache.catalina.startup.VersionLoggerListener.log JVM.供应商:        Oracle Corporation
06-May-2022 03:05:48.416 信息 [main] org.apache.catalina.startup.VersionLoggerListener.log CATALINA_BASE:     C:\Users\msi01\Desktop\apache-tomcat-8.5.64-windows-x64\apache-tomcat-8.5.64
06-May-2022 03:05:48.416 信息 [main] org.apache.catalina.startup.VersionLoggerListener.log CATALINA_HOME:     C:\Users\msi01\Desktop\apache-tomcat-8.5.64-windows-x64\apache-tomcat-8.5.64
06-May-2022 03:05:48.417 信息 [main] org.apache.catalina.startup.VersionLoggerListener.log 命令行参数：       -Djava.util.logging.config.file=C:\Users\msi01\Desktop\apache-tomcat-8.5.64-windows-x64\apache-tomcat-8.5.64\conf\logging.properties
06-May-2022 03:05:48.417 信息 [main] org.apache.catalina.startup.VersionLoggerListener.log 命令行参数：       -Djava.util.logging.manager=org.apache.juli.ClassLoaderLogManager
06-May-2022 03:05:48.417 信息 [main] org.apache.catalina.startup.VersionLoggerListener.log 命令行参数：       -Djdk.tls.ephemeralDHKeySize=2048
06-May-2022 03:05:48.417 信息 [main] org.apache.catalina.startup.VersionLoggerListener.log 命令行参数：       -Djava.protocol.handler.pkgs=org.apache.catalina.webresources
06-May-2022 03:05:48.418 信息 [main] org.apache.catalina.startup.VersionLoggerListener.log 命令行参数：       -Dignore.endorsed.dirs=
06-May-2022 03:05:48.418 信息 [main] org.apache.catalina.startup.VersionLoggerListener.log 命令行参数：       -Dcatalina.base=C:\Users\msi01\Desktop\apache-tomcat-8.5.64-windows-x64\apache-tomcat-8.5.64
06-May-2022 03:05:48.419 信息 [main] org.apache.catalina.startup.VersionLoggerListener.log 命令行参数：       -Dcatalina.home=C:\Users\msi01\Desktop\apache-tomcat-8.5.64-windows-x64\apache-tomcat-8.5.64
06-May-2022 03:05:48.419 信息 [main] org.apache.catalina.startup.VersionLoggerListener.log 命令行参数：       -Djava.io.tmpdir=C:\Users\msi01\Desktop\apache-tomcat-8.5.64-windows-x64\apache-tomcat-8.5.64\temp
06-May-2022 03:05:48.419 信息 [main] org.apache.catalina.core.AprLifecycleListener.lifecycleEvent 使用APR版本[1.7.0]加载了基于APR的Apache Tomcat本机库[1.2.26]。
06-May-2022 03:05:48.419 信息 [main] org.apache.catalina.core.AprLifecycleListener.lifecycleEvent APR功能：IPv6[true]、sendfile[true]、accept filters[false]、random[true]。
06-May-2022 03:05:48.420 信息 [main] org.apache.catalina.core.AprLifecycleListener.lifecycleEvent APR/OpenSSL配置：useAprConnector[false]，useOpenSSL[true]
06-May-2022 03:05:48.423 信息 [main] org.apache.catalina.core.AprLifecycleListener.initializeSSL OpenSSL成功初始化 [OpenSSL 1.1.1i  8 Dec 2020]
06-May-2022 03:05:48.495 信息 [main] org.apache.coyote.AbstractProtocol.init 初始化协议处理器 ["http-nio-8080"]
06-May-2022 03:05:48.617 信息 [main] org.apache.tomcat.util.net.NioSelectorPool.getSharedSelector Using a shared selector for servlet write/read
06-May-2022 03:05:48.623 信息 [main] org.apache.catalina.startup.Catalina.load Initialization processed in 408 ms
06-May-2022 03:05:48.640 信息 [main] org.apache.catalina.core.StandardService.startInternal 正在启动服务[Catalina]
06-May-2022 03:05:48.641 信息 [main] org.apache.catalina.core.StandardEngine.startInternal Starting Servlet Engine: Apache Tomcat/8.5.64
06-May-2022 03:05:48.658 信息 [localhost-startStop-1] org.apache.catalina.startup.HostConfig.deployWAR 正在部署web应用程序存档文件[C:\Users\msi01\Desktop\apache-tomcat-8.5.64-windows-x64\apache-tomcat-8.5.64\webapps\RestaurantServer.war]
06-May-2022 03:05:48.921 警告 [localhost-startStop-1] org.apache.tomcat.util.descriptor.web.WebXml.setVersion 未知版本字符串 [4.0]。将使用默认版本。
06-May-2022 03:05:49.305 信息 [localhost-startStop-1] org.apache.jasper.servlet.TldScanner.scanJars 至少有一个JAR被扫描用于TLD但尚未包含TLD。 为此记录器启用调试日志记录，以获取已扫描但未在其中找到TLD的完整JAR列表。 在扫描期间跳过不需要的JAR可以缩短启动时间和JSP编译时间。
06-May-2022 03:05:49.342 信息 [localhost-startStop-1] org.apache.catalina.startup.HostConfig.deployWAR web应用程序存档文件[C:\Users\msi01\Desktop\apache-tomcat-8.5.64-windows-x64\apache-tomcat-8.5.64\webapps\RestaurantServer.war]的部署已在[683]ms内完成
06-May-2022 03:05:49.345 信息 [localhost-startStop-1] org.apache.catalina.startup.HostConfig.deployDirectory 把web 应用程序部署到目录 [C:\Users\msi01\Desktop\apache-tomcat-8.5.64-windows-x64\apache-tomcat-8.5.64\webapps\docs]
06-May-2022 03:05:49.360 信息 [localhost-startStop-1] org.apache.catalina.startup.HostConfig.deployDirectory Web应用程序目录[C:\Users\msi01\Desktop\apache-tomcat-8.5.64-windows-x64\apache-tomcat-8.5.64\webapps\docs]的部署已在[15]毫秒内完成
06-May-2022 03:05:49.361 信息 [localhost-startStop-1] org.apache.catalina.startup.HostConfig.deployDirectory 把web 应用程序部署到目录 [C:\Users\msi01\Desktop\apache-tomcat-8.5.64-windows-x64\apache-tomcat-8.5.64\webapps\examples]
06-May-2022 03:05:49.511 信息 [localhost-startStop-1] org.apache.catalina.startup.HostConfig.deployDirectory Web应用程序目录[C:\Users\msi01\Desktop\apache-tomcat-8.5.64-windows-x64\apache-tomcat-8.5.64\webapps\examples]的部署已在[150]毫秒内完成
06-May-2022 03:05:49.518 信息 [localhost-startStop-1] org.apache.catalina.startup.HostConfig.deployDirectory 把web 应用程序部署到目录 [C:\Users\msi01\Desktop\apache-tomcat-8.5.64-windows-x64\apache-tomcat-8.5.64\webapps\host-manager]
06-May-2022 03:05:49.542 信息 [localhost-startStop-1] org.apache.catalina.startup.HostConfig.deployDirectory Web应用程序目录[C:\Users\msi01\Desktop\apache-tomcat-8.5.64-windows-x64\apache-tomcat-8.5.64\webapps\host-manager]的部署已在[24]毫秒内完成
06-May-2022 03:05:49.549 信息 [localhost-startStop-1] org.apache.catalina.startup.HostConfig.deployDirectory 把web 应用程序部署到目录 [C:\Users\msi01\Desktop\apache-tomcat-8.5.64-windows-x64\apache-tomcat-8.5.64\webapps\manager]
06-May-2022 03:05:49.566 信息 [localhost-startStop-1] org.apache.catalina.startup.HostConfig.deployDirectory Web应用程序目录[C:\Users\msi01\Desktop\apache-tomcat-8.5.64-windows-x64\apache-tomcat-8.5.64\webapps\manager]的部署已在[17]毫秒内完成
06-May-2022 03:05:49.574 信息 [localhost-startStop-1] org.apache.catalina.startup.HostConfig.deployDirectory 把web 应用程序部署到目录 [C:\Users\msi01\Desktop\apache-tomcat-8.5.64-windows-x64\apache-tomcat-8.5.64\webapps\ROOT]
06-May-2022 03:05:49.587 信息 [localhost-startStop-1] org.apache.catalina.startup.HostConfig.deployDirectory Web应用程序目录[C:\Users\msi01\Desktop\apache-tomcat-8.5.64-windows-x64\apache-tomcat-8.5.64\webapps\ROOT]的部署已在[13]毫秒内完成
06-May-2022 03:05:49.589 信息 [main] org.apache.coyote.AbstractProtocol.start 开始协议处理句柄["http-nio-8080"]
06-May-2022 03:05:49.597 信息 [main] org.apache.catalina.startup.Catalina.start Server startup in 974 ms
06-May-2022 03:17:52.596 信息 [http-nio-8080-exec-3] com.mchange.v2.log.MLog.<clinit> MLog clients using java 1.4+ standard logging.
06-May-2022 03:17:52.627 信息 [http-nio-8080-exec-3] com.mchange.v2.c3p0.C3P0Registry.banner Initializing c3p0-0.9.2-pre5 [built 29-September-2012 19:59:04 +0000; debug? true; trace: 10]
06-May-2022 03:17:52.666 信息 [http-nio-8080-exec-3] com.mchange.v2.c3p0.impl.AbstractPoolBackedDataSource.getPoolManager Initializing c3p0 pool... com.mchange.v2.c3p0.ComboPooledDataSource [ acquireIncrement -> 3, acquireRetryAttempts -> 30, acquireRetryDelay -> 1000, autoCommitOnClose -> false, automaticTestTable -> null, breakAfterAcquireFailure -> false, checkoutTimeout -> 30000, connectionCustomizerClassName -> null, connectionTesterClassName -> com.mchange.v2.c3p0.impl.DefaultConnectionTester, dataSourceName -> 1hge0wvao15xvy0d1gfodpj|68f85326, debugUnreturnedConnectionStackTraces -> false, description -> null, driverClass -> com.mysql.jdbc.Driver, factoryClassLocation -> null, forceIgnoreUnresolvedTransactions -> false, identityToken -> 1hge0wvao15xvy0d1gfodpj|68f85326, idleConnectionTestPeriod -> 30, initialPoolSize -> 10, jdbcUrl -> jdbc:mysql://localhost:3306/restaurant, maxAdministrativeTaskTime -> 0, maxConnectionAge -> 0, maxIdleTime -> 30, maxIdleTimeExcessConnections -> 0, maxPoolSize -> 50, maxStatements -> 200, maxStatementsPerConnection -> 0, minPoolSize -> 10, numHelperThreads -> 3, preferredTestQuery -> null, properties -> {user=******, password=******}, propertyCycle -> 0, statementCacheNumDeferredCloseThreads -> 0, testConnectionOnCheckin -> false, testConnectionOnCheckout -> false, unreturnedConnectionTimeout -> 0, userOverrides -> {}, usesTraditionalReflectiveProxies -> false ]
06-May-2022 09:01:15.895 信息 [main] org.apache.catalina.startup.VersionLoggerListener.log Server.服务器版本: Apache Tomcat/8.5.64
06-May-2022 09:01:25.530 信息 [main] org.apache.catalina.startup.VersionLoggerListener.log Server.服务器版本: Apache Tomcat/8.5.64
06-May-2022 09:01:25.535 信息 [main] org.apache.catalina.startup.VersionLoggerListener.log 服务器构建:        Mar 4 2021 23:14:16 UTC
06-May-2022 09:01:25.535 信息 [main] org.apache.catalina.startup.VersionLoggerListener.log 服务器版本号:      8.5.64.0
06-May-2022 09:01:25.536 信息 [main] org.apache.catalina.startup.VersionLoggerListener.log 操作系统名称:      Windows 10
06-May-2022 09:01:25.536 信息 [main] org.apache.catalina.startup.VersionLoggerListener.log OS.版本:           10.0
06-May-2022 09:01:25.537 信息 [main] org.apache.catalina.startup.VersionLoggerListener.log 架构:              amd64
06-May-2022 09:01:25.537 信息 [main] org.apache.catalina.startup.VersionLoggerListener.log Java 环境变量:     D:\Program Files (x86)\Java\jre
06-May-2022 09:01:25.537 信息 [main] org.apache.catalina.startup.VersionLoggerListener.log Java虚拟机版本:    1.8.0_152-b16
06-May-2022 09:01:25.537 信息 [main] org.apache.catalina.startup.VersionLoggerListener.log JVM.供应商:        Oracle Corporation
06-May-2022 09:01:25.537 信息 [main] org.apache.catalina.startup.VersionLoggerListener.log CATALINA_BASE:     C:\Users\msi01\Desktop\apache-tomcat-8.5.64-windows-x64\apache-tomcat-8.5.64
06-May-2022 09:01:25.537 信息 [main] org.apache.catalina.startup.VersionLoggerListener.log CATALINA_HOME:     C:\Users\msi01\Desktop\apache-tomcat-8.5.64-windows-x64\apache-tomcat-8.5.64
06-May-2022 09:01:25.537 信息 [main] org.apache.catalina.startup.VersionLoggerListener.log 命令行参数：       -Djava.util.logging.config.file=C:\Users\msi01\Desktop\apache-tomcat-8.5.64-windows-x64\apache-tomcat-8.5.64\conf\logging.properties
06-May-2022 09:01:25.538 信息 [main] org.apache.catalina.startup.VersionLoggerListener.log 命令行参数：       -Djava.util.logging.manager=org.apache.juli.ClassLoaderLogManager
06-May-2022 09:01:25.538 信息 [main] org.apache.catalina.startup.VersionLoggerListener.log 命令行参数：       -Djdk.tls.ephemeralDHKeySize=2048
06-May-2022 09:01:25.538 信息 [main] org.apache.catalina.startup.VersionLoggerListener.log 命令行参数：       -Djava.protocol.handler.pkgs=org.apache.catalina.webresources
06-May-2022 09:01:25.539 信息 [main] org.apache.catalina.startup.VersionLoggerListener.log 命令行参数：       -Dignore.endorsed.dirs=
06-May-2022 09:01:25.539 信息 [main] org.apache.catalina.startup.VersionLoggerListener.log 命令行参数：       -Dcatalina.base=C:\Users\msi01\Desktop\apache-tomcat-8.5.64-windows-x64\apache-tomcat-8.5.64
06-May-2022 09:01:25.539 信息 [main] org.apache.catalina.startup.VersionLoggerListener.log 命令行参数：       -Dcatalina.home=C:\Users\msi01\Desktop\apache-tomcat-8.5.64-windows-x64\apache-tomcat-8.5.64
06-May-2022 09:01:25.540 信息 [main] org.apache.catalina.startup.VersionLoggerListener.log 命令行参数：       -Djava.io.tmpdir=C:\Users\msi01\Desktop\apache-tomcat-8.5.64-windows-x64\apache-tomcat-8.5.64\temp
06-May-2022 09:01:25.540 信息 [main] org.apache.catalina.core.AprLifecycleListener.lifecycleEvent 使用APR版本[1.7.0]加载了基于APR的Apache Tomcat本机库[1.2.26]。
06-May-2022 09:01:25.540 信息 [main] org.apache.catalina.core.AprLifecycleListener.lifecycleEvent APR功能：IPv6[true]、sendfile[true]、accept filters[false]、random[true]。
06-May-2022 09:01:25.541 信息 [main] org.apache.catalina.core.AprLifecycleListener.lifecycleEvent APR/OpenSSL配置：useAprConnector[false]，useOpenSSL[true]
06-May-2022 09:01:25.544 信息 [main] org.apache.catalina.core.AprLifecycleListener.initializeSSL OpenSSL成功初始化 [OpenSSL 1.1.1i  8 Dec 2020]
06-May-2022 09:01:25.824 信息 [main] org.apache.coyote.AbstractProtocol.init 初始化协议处理器 ["http-nio-8080"]
06-May-2022 09:01:25.932 信息 [main] org.apache.tomcat.util.net.NioSelectorPool.getSharedSelector Using a shared selector for servlet write/read
06-May-2022 09:01:25.938 信息 [main] org.apache.catalina.startup.Catalina.load Initialization processed in 610 ms
06-May-2022 09:01:25.957 信息 [main] org.apache.catalina.core.StandardService.startInternal 正在启动服务[Catalina]
06-May-2022 09:01:25.957 信息 [main] org.apache.catalina.core.StandardEngine.startInternal Starting Servlet Engine: Apache Tomcat/8.5.64
06-May-2022 09:01:25.972 信息 [localhost-startStop-1] org.apache.catalina.startup.HostConfig.deployWAR 正在部署web应用程序存档文件[C:\Users\msi01\Desktop\apache-tomcat-8.5.64-windows-x64\apache-tomcat-8.5.64\webapps\RestaurantServer.war]
06-May-2022 09:01:26.062 警告 [localhost-startStop-1] org.apache.tomcat.util.descriptor.web.WebXml.setVersion 未知版本字符串 [4.0]。将使用默认版本。
06-May-2022 09:01:26.446 信息 [localhost-startStop-1] org.apache.jasper.servlet.TldScanner.scanJars 至少有一个JAR被扫描用于TLD但尚未包含TLD。 为此记录器启用调试日志记录，以获取已扫描但未在其中找到TLD的完整JAR列表。 在扫描期间跳过不需要的JAR可以缩短启动时间和JSP编译时间。
06-May-2022 09:01:26.480 信息 [localhost-startStop-1] org.apache.catalina.startup.HostConfig.deployWAR web应用程序存档文件[C:\Users\msi01\Desktop\apache-tomcat-8.5.64-windows-x64\apache-tomcat-8.5.64\webapps\RestaurantServer.war]的部署已在[506]ms内完成
06-May-2022 09:01:26.481 信息 [localhost-startStop-1] org.apache.catalina.startup.HostConfig.deployDirectory 把web 应用程序部署到目录 [C:\Users\msi01\Desktop\apache-tomcat-8.5.64-windows-x64\apache-tomcat-8.5.64\webapps\docs]
06-May-2022 09:01:26.493 信息 [localhost-startStop-1] org.apache.catalina.startup.HostConfig.deployDirectory Web应用程序目录[C:\Users\msi01\Desktop\apache-tomcat-8.5.64-windows-x64\apache-tomcat-8.5.64\webapps\docs]的部署已在[12]毫秒内完成
06-May-2022 09:01:26.494 信息 [localhost-startStop-1] org.apache.catalina.startup.HostConfig.deployDirectory 把web 应用程序部署到目录 [C:\Users\msi01\Desktop\apache-tomcat-8.5.64-windows-x64\apache-tomcat-8.5.64\webapps\examples]
06-May-2022 09:01:26.660 信息 [localhost-startStop-1] org.apache.catalina.startup.HostConfig.deployDirectory Web应用程序目录[C:\Users\msi01\Desktop\apache-tomcat-8.5.64-windows-x64\apache-tomcat-8.5.64\webapps\examples]的部署已在[166]毫秒内完成
06-May-2022 09:01:26.666 信息 [localhost-startStop-1] org.apache.catalina.startup.HostConfig.deployDirectory 把web 应用程序部署到目录 [C:\Users\msi01\Desktop\apache-tomcat-8.5.64-windows-x64\apache-tomcat-8.5.64\webapps\host-manager]
06-May-2022 09:01:26.688 信息 [localhost-startStop-1] org.apache.catalina.startup.HostConfig.deployDirectory Web应用程序目录[C:\Users\msi01\Desktop\apache-tomcat-8.5.64-windows-x64\apache-tomcat-8.5.64\webapps\host-manager]的部署已在[22]毫秒内完成
06-May-2022 09:01:26.689 信息 [localhost-startStop-1] org.apache.catalina.startup.HostConfig.deployDirectory 把web 应用程序部署到目录 [C:\Users\msi01\Desktop\apache-tomcat-8.5.64-windows-x64\apache-tomcat-8.5.64\webapps\manager]
06-May-2022 09:01:26.708 信息 [localhost-startStop-1] org.apache.catalina.startup.HostConfig.deployDirectory Web应用程序目录[C:\Users\msi01\Desktop\apache-tomcat-8.5.64-windows-x64\apache-tomcat-8.5.64\webapps\manager]的部署已在[19]毫秒内完成
06-May-2022 09:01:26.709 信息 [localhost-startStop-1] org.apache.catalina.startup.HostConfig.deployDirectory 把web 应用程序部署到目录 [C:\Users\msi01\Desktop\apache-tomcat-8.5.64-windows-x64\apache-tomcat-8.5.64\webapps\ROOT]
06-May-2022 09:01:26.724 信息 [localhost-startStop-1] org.apache.catalina.startup.HostConfig.deployDirectory Web应用程序目录[C:\Users\msi01\Desktop\apache-tomcat-8.5.64-windows-x64\apache-tomcat-8.5.64\webapps\ROOT]的部署已在[15]毫秒内完成
06-May-2022 09:01:26.727 信息 [main] org.apache.coyote.AbstractProtocol.start 开始协议处理句柄["http-nio-8080"]
06-May-2022 09:01:26.736 信息 [main] org.apache.catalina.startup.Catalina.start Server startup in 797 ms
06-May-2022 13:02:47.268 信息 [main] org.apache.catalina.startup.VersionLoggerListener.log Server.服务器版本: Apache Tomcat/8.5.64
06-May-2022 13:02:47.272 信息 [main] org.apache.catalina.startup.VersionLoggerListener.log 服务器构建:        Mar 4 2021 23:14:16 UTC
06-May-2022 13:02:47.273 信息 [main] org.apache.catalina.startup.VersionLoggerListener.log 服务器版本号:      8.5.64.0
06-May-2022 13:02:47.273 信息 [main] org.apache.catalina.startup.VersionLoggerListener.log 操作系统名称:      Windows 10
06-May-2022 13:02:47.273 信息 [main] org.apache.catalina.startup.VersionLoggerListener.log OS.版本:           10.0
06-May-2022 13:02:47.274 信息 [main] org.apache.catalina.startup.VersionLoggerListener.log 架构:              amd64
06-May-2022 13:02:47.274 信息 [main] org.apache.catalina.startup.VersionLoggerListener.log Java 环境变量:     D:\Program Files (x86)\Java\jre
06-May-2022 13:02:47.274 信息 [main] org.apache.catalina.startup.VersionLoggerListener.log Java虚拟机版本:    1.8.0_152-b16
06-May-2022 13:02:47.274 信息 [main] org.apache.catalina.startup.VersionLoggerListener.log JVM.供应商:        Oracle Corporation
06-May-2022 13:02:47.274 信息 [main] org.apache.catalina.startup.VersionLoggerListener.log CATALINA_BASE:     C:\Users\msi01\Desktop\apache-tomcat-8.5.64-windows-x64\apache-tomcat-8.5.64
06-May-2022 13:02:47.274 信息 [main] org.apache.catalina.startup.VersionLoggerListener.log CATALINA_HOME:     C:\Users\msi01\Desktop\apache-tomcat-8.5.64-windows-x64\apache-tomcat-8.5.64
06-May-2022 13:02:47.274 信息 [main] org.apache.catalina.startup.VersionLoggerListener.log 命令行参数：       -Djava.util.logging.config.file=C:\Users\msi01\Desktop\apache-tomcat-8.5.64-windows-x64\apache-tomcat-8.5.64\conf\logging.properties
06-May-2022 13:02:47.275 信息 [main] org.apache.catalina.startup.VersionLoggerListener.log 命令行参数：       -Djava.util.logging.manager=org.apache.juli.ClassLoaderLogManager
06-May-2022 13:02:47.275 信息 [main] org.apache.catalina.startup.VersionLoggerListener.log 命令行参数：       -Djdk.tls.ephemeralDHKeySize=2048
06-May-2022 13:02:47.275 信息 [main] org.apache.catalina.startup.VersionLoggerListener.log 命令行参数：       -Djava.protocol.handler.pkgs=org.apache.catalina.webresources
06-May-2022 13:02:47.275 信息 [main] org.apache.catalina.startup.VersionLoggerListener.log 命令行参数：       -Dignore.endorsed.dirs=
06-May-2022 13:02:47.276 信息 [main] org.apache.catalina.startup.VersionLoggerListener.log 命令行参数：       -Dcatalina.base=C:\Users\msi01\Desktop\apache-tomcat-8.5.64-windows-x64\apache-tomcat-8.5.64
06-May-2022 13:02:47.276 信息 [main] org.apache.catalina.startup.VersionLoggerListener.log 命令行参数：       -Dcatalina.home=C:\Users\msi01\Desktop\apache-tomcat-8.5.64-windows-x64\apache-tomcat-8.5.64
06-May-2022 13:02:47.276 信息 [main] org.apache.catalina.startup.VersionLoggerListener.log 命令行参数：       -Djava.io.tmpdir=C:\Users\msi01\Desktop\apache-tomcat-8.5.64-windows-x64\apache-tomcat-8.5.64\temp
06-May-2022 13:02:47.277 信息 [main] org.apache.catalina.core.AprLifecycleListener.lifecycleEvent 使用APR版本[1.7.0]加载了基于APR的Apache Tomcat本机库[1.2.26]。
06-May-2022 13:02:47.277 信息 [main] org.apache.catalina.core.AprLifecycleListener.lifecycleEvent APR功能：IPv6[true]、sendfile[true]、accept filters[false]、random[true]。
06-May-2022 13:02:47.277 信息 [main] org.apache.catalina.core.AprLifecycleListener.lifecycleEvent APR/OpenSSL配置：useAprConnector[false]，useOpenSSL[true]
06-May-2022 13:02:47.281 信息 [main] org.apache.catalina.core.AprLifecycleListener.initializeSSL OpenSSL成功初始化 [OpenSSL 1.1.1i  8 Dec 2020]
06-May-2022 13:02:47.352 信息 [main] org.apache.coyote.AbstractProtocol.init 初始化协议处理器 ["http-nio-8080"]
06-May-2022 13:02:47.462 信息 [main] org.apache.tomcat.util.net.NioSelectorPool.getSharedSelector Using a shared selector for servlet write/read
06-May-2022 13:02:47.468 信息 [main] org.apache.catalina.startup.Catalina.load Initialization processed in 396 ms
06-May-2022 13:02:47.482 信息 [main] org.apache.catalina.core.StandardService.startInternal 正在启动服务[Catalina]
06-May-2022 13:02:47.482 信息 [main] org.apache.catalina.core.StandardEngine.startInternal Starting Servlet Engine: Apache Tomcat/8.5.64
06-May-2022 13:02:47.497 信息 [localhost-startStop-1] org.apache.catalina.startup.HostConfig.deployWAR 正在部署web应用程序存档文件[C:\Users\msi01\Desktop\apache-tomcat-8.5.64-windows-x64\apache-tomcat-8.5.64\webapps\RestaurantServer.war]
06-May-2022 13:02:47.575 警告 [localhost-startStop-1] org.apache.tomcat.util.descriptor.web.WebXml.setVersion 未知版本字符串 [4.0]。将使用默认版本。
06-May-2022 13:02:47.931 信息 [localhost-startStop-1] org.apache.jasper.servlet.TldScanner.scanJars 至少有一个JAR被扫描用于TLD但尚未包含TLD。 为此记录器启用调试日志记录，以获取已扫描但未在其中找到TLD的完整JAR列表。 在扫描期间跳过不需要的JAR可以缩短启动时间和JSP编译时间。
06-May-2022 13:02:47.973 信息 [localhost-startStop-1] org.apache.catalina.startup.HostConfig.deployWAR web应用程序存档文件[C:\Users\msi01\Desktop\apache-tomcat-8.5.64-windows-x64\apache-tomcat-8.5.64\webapps\RestaurantServer.war]的部署已在[475]ms内完成
06-May-2022 13:02:47.975 信息 [localhost-startStop-1] org.apache.catalina.startup.HostConfig.deployDirectory 把web 应用程序部署到目录 [C:\Users\msi01\Desktop\apache-tomcat-8.5.64-windows-x64\apache-tomcat-8.5.64\webapps\docs]
06-May-2022 13:02:47.986 信息 [localhost-startStop-1] org.apache.catalina.startup.HostConfig.deployDirectory Web应用程序目录[C:\Users\msi01\Desktop\apache-tomcat-8.5.64-windows-x64\apache-tomcat-8.5.64\webapps\docs]的部署已在[11]毫秒内完成
06-May-2022 13:02:47.987 信息 [localhost-startStop-1] org.apache.catalina.startup.HostConfig.deployDirectory 把web 应用程序部署到目录 [C:\Users\msi01\Desktop\apache-tomcat-8.5.64-windows-x64\apache-tomcat-8.5.64\webapps\examples]
06-May-2022 13:02:48.128 信息 [localhost-startStop-1] org.apache.catalina.startup.HostConfig.deployDirectory Web应用程序目录[C:\Users\msi01\Desktop\apache-tomcat-8.5.64-windows-x64\apache-tomcat-8.5.64\webapps\examples]的部署已在[141]毫秒内完成
06-May-2022 13:02:48.129 信息 [localhost-startStop-1] org.apache.catalina.startup.HostConfig.deployDirectory 把web 应用程序部署到目录 [C:\Users\msi01\Desktop\apache-tomcat-8.5.64-windows-x64\apache-tomcat-8.5.64\webapps\host-manager]
06-May-2022 13:02:48.151 信息 [localhost-startStop-1] org.apache.catalina.startup.HostConfig.deployDirectory Web应用程序目录[C:\Users\msi01\Desktop\apache-tomcat-8.5.64-windows-x64\apache-tomcat-8.5.64\webapps\host-manager]的部署已在[22]毫秒内完成
06-May-2022 13:02:48.151 信息 [localhost-startStop-1] org.apache.catalina.startup.HostConfig.deployDirectory 把web 应用程序部署到目录 [C:\Users\msi01\Desktop\apache-tomcat-8.5.64-windows-x64\apache-tomcat-8.5.64\webapps\manager]
06-May-2022 13:02:48.170 信息 [localhost-startStop-1] org.apache.catalina.startup.HostConfig.deployDirectory Web应用程序目录[C:\Users\msi01\Desktop\apache-tomcat-8.5.64-windows-x64\apache-tomcat-8.5.64\webapps\manager]的部署已在[19]毫秒内完成
06-May-2022 13:02:48.171 信息 [localhost-startStop-1] org.apache.catalina.startup.HostConfig.deployDirectory 把web 应用程序部署到目录 [C:\Users\msi01\Desktop\apache-tomcat-8.5.64-windows-x64\apache-tomcat-8.5.64\webapps\ROOT]
06-May-2022 13:02:48.182 信息 [localhost-startStop-1] org.apache.catalina.startup.HostConfig.deployDirectory Web应用程序目录[C:\Users\msi01\Desktop\apache-tomcat-8.5.64-windows-x64\apache-tomcat-8.5.64\webapps\ROOT]的部署已在[11]毫秒内完成
06-May-2022 13:02:48.185 信息 [main] org.apache.coyote.AbstractProtocol.start 开始协议处理句柄["http-nio-8080"]
06-May-2022 13:02:48.190 信息 [main] org.apache.catalina.startup.Catalina.start Server startup in 722 ms
06-May-2022 13:12:21.469 信息 [http-nio-8080-exec-9] com.mchange.v2.log.MLog.<clinit> MLog clients using java 1.4+ standard logging.
06-May-2022 13:12:21.497 信息 [http-nio-8080-exec-9] com.mchange.v2.c3p0.C3P0Registry.banner Initializing c3p0-0.9.2-pre5 [built 29-September-2012 19:59:04 +0000; debug? true; trace: 10]
06-May-2022 13:12:21.536 信息 [http-nio-8080-exec-9] com.mchange.v2.c3p0.impl.AbstractPoolBackedDataSource.getPoolManager Initializing c3p0 pool... com.mchange.v2.c3p0.ComboPooledDataSource [ acquireIncrement -> 3, acquireRetryAttempts -> 30, acquireRetryDelay -> 1000, autoCommitOnClose -> false, automaticTestTable -> null, breakAfterAcquireFailure -> false, checkoutTimeout -> 30000, connectionCustomizerClassName -> null, connectionTesterClassName -> com.mchange.v2.c3p0.impl.DefaultConnectionTester, dataSourceName -> 1hge0wvao16j4gaa1qj24sr|62034122, debugUnreturnedConnectionStackTraces -> false, description -> null, driverClass -> com.mysql.jdbc.Driver, factoryClassLocation -> null, forceIgnoreUnresolvedTransactions -> false, identityToken -> 1hge0wvao16j4gaa1qj24sr|62034122, idleConnectionTestPeriod -> 30, initialPoolSize -> 10, jdbcUrl -> jdbc:mysql://localhost:3306/restaurant, maxAdministrativeTaskTime -> 0, maxConnectionAge -> 0, maxIdleTime -> 30, maxIdleTimeExcessConnections -> 0, maxPoolSize -> 50, maxStatements -> 200, maxStatementsPerConnection -> 0, minPoolSize -> 10, numHelperThreads -> 3, preferredTestQuery -> null, properties -> {user=******, password=******}, propertyCycle -> 0, statementCacheNumDeferredCloseThreads -> 0, testConnectionOnCheckin -> false, testConnectionOnCheckout -> false, unreturnedConnectionTimeout -> 0, userOverrides -> {}, usesTraditionalReflectiveProxies -> false ]
