29-Apr-2022 17:31:21.317 信息 [main] org.apache.catalina.startup.VersionLoggerListener.log Server.服务器版本: Apache Tomcat/8.5.64
29-Apr-2022 17:31:21.325 信息 [main] org.apache.catalina.startup.VersionLoggerListener.log 服务器构建:        Mar 4 2021 23:14:16 UTC
29-Apr-2022 17:31:21.325 信息 [main] org.apache.catalina.startup.VersionLoggerListener.log 服务器版本号:      8.5.64.0
29-Apr-2022 17:31:21.326 信息 [main] org.apache.catalina.startup.VersionLoggerListener.log 操作系统名称:      Windows 10
29-Apr-2022 17:31:21.326 信息 [main] org.apache.catalina.startup.VersionLoggerListener.log OS.版本:           10.0
29-Apr-2022 17:31:21.326 信息 [main] org.apache.catalina.startup.VersionLoggerListener.log 架构:              amd64
29-Apr-2022 17:31:21.326 信息 [main] org.apache.catalina.startup.VersionLoggerListener.log Java 环境变量:     D:\Program Files (x86)\Java\jre
29-Apr-2022 17:31:21.326 信息 [main] org.apache.catalina.startup.VersionLoggerListener.log Java虚拟机版本:    1.8.0_152-b16
29-Apr-2022 17:31:21.326 信息 [main] org.apache.catalina.startup.VersionLoggerListener.log JVM.供应商:        Oracle Corporation
29-Apr-2022 17:31:21.326 信息 [main] org.apache.catalina.startup.VersionLoggerListener.log CATALINA_BASE:     C:\Users\msi01\Desktop\apache-tomcat-8.5.64-windows-x64\apache-tomcat-8.5.64
29-Apr-2022 17:31:21.327 信息 [main] org.apache.catalina.startup.VersionLoggerListener.log CATALINA_HOME:     C:\Users\msi01\Desktop\apache-tomcat-8.5.64-windows-x64\apache-tomcat-8.5.64
29-Apr-2022 17:31:21.327 信息 [main] org.apache.catalina.startup.VersionLoggerListener.log 命令行参数：       -Djava.util.logging.config.file=C:\Users\msi01\Desktop\apache-tomcat-8.5.64-windows-x64\apache-tomcat-8.5.64\conf\logging.properties
29-Apr-2022 17:31:21.327 信息 [main] org.apache.catalina.startup.VersionLoggerListener.log 命令行参数：       -Djava.util.logging.manager=org.apache.juli.ClassLoaderLogManager
29-Apr-2022 17:31:21.327 信息 [main] org.apache.catalina.startup.VersionLoggerListener.log 命令行参数：       -Djdk.tls.ephemeralDHKeySize=2048
29-Apr-2022 17:31:21.327 信息 [main] org.apache.catalina.startup.VersionLoggerListener.log 命令行参数：       -Djava.protocol.handler.pkgs=org.apache.catalina.webresources
29-Apr-2022 17:31:21.328 信息 [main] org.apache.catalina.startup.VersionLoggerListener.log 命令行参数：       -Dignore.endorsed.dirs=
29-Apr-2022 17:31:21.328 信息 [main] org.apache.catalina.startup.VersionLoggerListener.log 命令行参数：       -Dcatalina.base=C:\Users\msi01\Desktop\apache-tomcat-8.5.64-windows-x64\apache-tomcat-8.5.64
29-Apr-2022 17:31:21.328 信息 [main] org.apache.catalina.startup.VersionLoggerListener.log 命令行参数：       -Dcatalina.home=C:\Users\msi01\Desktop\apache-tomcat-8.5.64-windows-x64\apache-tomcat-8.5.64
29-Apr-2022 17:31:21.329 信息 [main] org.apache.catalina.startup.VersionLoggerListener.log 命令行参数：       -Djava.io.tmpdir=C:\Users\msi01\Desktop\apache-tomcat-8.5.64-windows-x64\apache-tomcat-8.5.64\temp
29-Apr-2022 17:31:21.329 信息 [main] org.apache.catalina.core.AprLifecycleListener.lifecycleEvent 使用APR版本[1.7.0]加载了基于APR的Apache Tomcat本机库[1.2.26]。
29-Apr-2022 17:31:21.329 信息 [main] org.apache.catalina.core.AprLifecycleListener.lifecycleEvent APR功能：IPv6[true]、sendfile[true]、accept filters[false]、random[true]。
29-Apr-2022 17:31:21.330 信息 [main] org.apache.catalina.core.AprLifecycleListener.lifecycleEvent APR/OpenSSL配置：useAprConnector[false]，useOpenSSL[true]
29-Apr-2022 17:31:21.333 信息 [main] org.apache.catalina.core.AprLifecycleListener.initializeSSL OpenSSL成功初始化 [OpenSSL 1.1.1i  8 Dec 2020]
29-Apr-2022 17:31:21.561 信息 [main] org.apache.coyote.AbstractProtocol.init 初始化协议处理器 ["http-nio-8080"]
29-Apr-2022 17:31:21.682 信息 [main] org.apache.tomcat.util.net.NioSelectorPool.getSharedSelector Using a shared selector for servlet write/read
29-Apr-2022 17:31:21.689 信息 [main] org.apache.catalina.startup.Catalina.load Initialization processed in 601 ms
29-Apr-2022 17:31:21.708 信息 [main] org.apache.catalina.core.StandardService.startInternal 正在启动服务[Catalina]
29-Apr-2022 17:31:21.708 信息 [main] org.apache.catalina.core.StandardEngine.startInternal Starting Servlet Engine: Apache Tomcat/8.5.64
29-Apr-2022 17:31:21.721 信息 [localhost-startStop-1] org.apache.catalina.startup.HostConfig.deployWAR 正在部署web应用程序存档文件[C:\Users\msi01\Desktop\apache-tomcat-8.5.64-windows-x64\apache-tomcat-8.5.64\webapps\CanGuanServer.war]
29-Apr-2022 17:31:22.007 警告 [localhost-startStop-1] org.apache.tomcat.util.descriptor.web.WebXml.setVersion 未知版本字符串 [4.0]。将使用默认版本。
29-Apr-2022 17:31:22.484 信息 [localhost-startStop-1] org.apache.jasper.servlet.TldScanner.scanJars 至少有一个JAR被扫描用于TLD但尚未包含TLD。 为此记录器启用调试日志记录，以获取已扫描但未在其中找到TLD的完整JAR列表。 在扫描期间跳过不需要的JAR可以缩短启动时间和JSP编译时间。
29-Apr-2022 17:31:22.542 信息 [localhost-startStop-1] org.apache.catalina.startup.HostConfig.deployWAR web应用程序存档文件[C:\Users\msi01\Desktop\apache-tomcat-8.5.64-windows-x64\apache-tomcat-8.5.64\webapps\CanGuanServer.war]的部署已在[818]ms内完成
29-Apr-2022 17:31:22.545 信息 [localhost-startStop-1] org.apache.catalina.startup.HostConfig.deployDirectory 把web 应用程序部署到目录 [C:\Users\msi01\Desktop\apache-tomcat-8.5.64-windows-x64\apache-tomcat-8.5.64\webapps\docs]
29-Apr-2022 17:31:22.560 信息 [localhost-startStop-1] org.apache.catalina.startup.HostConfig.deployDirectory Web应用程序目录[C:\Users\msi01\Desktop\apache-tomcat-8.5.64-windows-x64\apache-tomcat-8.5.64\webapps\docs]的部署已在[15]毫秒内完成
29-Apr-2022 17:31:22.561 信息 [localhost-startStop-1] org.apache.catalina.startup.HostConfig.deployDirectory 把web 应用程序部署到目录 [C:\Users\msi01\Desktop\apache-tomcat-8.5.64-windows-x64\apache-tomcat-8.5.64\webapps\examples]
29-Apr-2022 17:31:22.716 信息 [localhost-startStop-1] org.apache.catalina.startup.HostConfig.deployDirectory Web应用程序目录[C:\Users\msi01\Desktop\apache-tomcat-8.5.64-windows-x64\apache-tomcat-8.5.64\webapps\examples]的部署已在[155]毫秒内完成
29-Apr-2022 17:31:22.723 信息 [localhost-startStop-1] org.apache.catalina.startup.HostConfig.deployDirectory 把web 应用程序部署到目录 [C:\Users\msi01\Desktop\apache-tomcat-8.5.64-windows-x64\apache-tomcat-8.5.64\webapps\host-manager]
29-Apr-2022 17:31:22.741 信息 [localhost-startStop-1] org.apache.catalina.startup.HostConfig.deployDirectory Web应用程序目录[C:\Users\msi01\Desktop\apache-tomcat-8.5.64-windows-x64\apache-tomcat-8.5.64\webapps\host-manager]的部署已在[18]毫秒内完成
29-Apr-2022 17:31:22.742 信息 [localhost-startStop-1] org.apache.catalina.startup.HostConfig.deployDirectory 把web 应用程序部署到目录 [C:\Users\msi01\Desktop\apache-tomcat-8.5.64-windows-x64\apache-tomcat-8.5.64\webapps\manager]
29-Apr-2022 17:31:22.760 信息 [localhost-startStop-1] org.apache.catalina.startup.HostConfig.deployDirectory Web应用程序目录[C:\Users\msi01\Desktop\apache-tomcat-8.5.64-windows-x64\apache-tomcat-8.5.64\webapps\manager]的部署已在[18]毫秒内完成
29-Apr-2022 17:31:22.761 信息 [localhost-startStop-1] org.apache.catalina.startup.HostConfig.deployDirectory 把web 应用程序部署到目录 [C:\Users\msi01\Desktop\apache-tomcat-8.5.64-windows-x64\apache-tomcat-8.5.64\webapps\ROOT]
29-Apr-2022 17:31:22.773 信息 [localhost-startStop-1] org.apache.catalina.startup.HostConfig.deployDirectory Web应用程序目录[C:\Users\msi01\Desktop\apache-tomcat-8.5.64-windows-x64\apache-tomcat-8.5.64\webapps\ROOT]的部署已在[12]毫秒内完成
29-Apr-2022 17:31:22.776 信息 [main] org.apache.coyote.AbstractProtocol.start 开始协议处理句柄["http-nio-8080"]
29-Apr-2022 17:31:22.782 信息 [main] org.apache.catalina.startup.Catalina.start Server startup in 1093 ms
29-Apr-2022 17:54:05.098 信息 [main] org.apache.catalina.startup.VersionLoggerListener.log Server.服务器版本: Apache Tomcat/8.5.64
29-Apr-2022 17:54:05.101 信息 [main] org.apache.catalina.startup.VersionLoggerListener.log 服务器构建:        Mar 4 2021 23:14:16 UTC
29-Apr-2022 17:54:05.102 信息 [main] org.apache.catalina.startup.VersionLoggerListener.log 服务器版本号:      8.5.64.0
29-Apr-2022 17:54:05.102 信息 [main] org.apache.catalina.startup.VersionLoggerListener.log 操作系统名称:      Windows 10
29-Apr-2022 17:54:05.102 信息 [main] org.apache.catalina.startup.VersionLoggerListener.log OS.版本:           10.0
29-Apr-2022 17:54:05.102 信息 [main] org.apache.catalina.startup.VersionLoggerListener.log 架构:              amd64
29-Apr-2022 17:54:05.102 信息 [main] org.apache.catalina.startup.VersionLoggerListener.log Java 环境变量:     D:\Program Files (x86)\Java\jre
29-Apr-2022 17:54:05.102 信息 [main] org.apache.catalina.startup.VersionLoggerListener.log Java虚拟机版本:    1.8.0_152-b16
29-Apr-2022 17:54:05.102 信息 [main] org.apache.catalina.startup.VersionLoggerListener.log JVM.供应商:        Oracle Corporation
29-Apr-2022 17:54:05.103 信息 [main] org.apache.catalina.startup.VersionLoggerListener.log CATALINA_BASE:     C:\Users\msi01\Desktop\apache-tomcat-8.5.64-windows-x64\apache-tomcat-8.5.64
29-Apr-2022 17:54:05.103 信息 [main] org.apache.catalina.startup.VersionLoggerListener.log CATALINA_HOME:     C:\Users\msi01\Desktop\apache-tomcat-8.5.64-windows-x64\apache-tomcat-8.5.64
29-Apr-2022 17:54:05.103 信息 [main] org.apache.catalina.startup.VersionLoggerListener.log 命令行参数：       -Djava.util.logging.config.file=C:\Users\msi01\Desktop\apache-tomcat-8.5.64-windows-x64\apache-tomcat-8.5.64\conf\logging.properties
29-Apr-2022 17:54:05.103 信息 [main] org.apache.catalina.startup.VersionLoggerListener.log 命令行参数：       -Djava.util.logging.manager=org.apache.juli.ClassLoaderLogManager
29-Apr-2022 17:54:05.103 信息 [main] org.apache.catalina.startup.VersionLoggerListener.log 命令行参数：       -Djdk.tls.ephemeralDHKeySize=2048
29-Apr-2022 17:54:05.103 信息 [main] org.apache.catalina.startup.VersionLoggerListener.log 命令行参数：       -Djava.protocol.handler.pkgs=org.apache.catalina.webresources
29-Apr-2022 17:54:05.104 信息 [main] org.apache.catalina.startup.VersionLoggerListener.log 命令行参数：       -Dignore.endorsed.dirs=
29-Apr-2022 17:54:05.104 信息 [main] org.apache.catalina.startup.VersionLoggerListener.log 命令行参数：       -Dcatalina.base=C:\Users\msi01\Desktop\apache-tomcat-8.5.64-windows-x64\apache-tomcat-8.5.64
29-Apr-2022 17:54:05.104 信息 [main] org.apache.catalina.startup.VersionLoggerListener.log 命令行参数：       -Dcatalina.home=C:\Users\msi01\Desktop\apache-tomcat-8.5.64-windows-x64\apache-tomcat-8.5.64
29-Apr-2022 17:54:05.105 信息 [main] org.apache.catalina.startup.VersionLoggerListener.log 命令行参数：       -Djava.io.tmpdir=C:\Users\msi01\Desktop\apache-tomcat-8.5.64-windows-x64\apache-tomcat-8.5.64\temp
29-Apr-2022 17:54:05.105 信息 [main] org.apache.catalina.core.AprLifecycleListener.lifecycleEvent 使用APR版本[1.7.0]加载了基于APR的Apache Tomcat本机库[1.2.26]。
29-Apr-2022 17:54:05.105 信息 [main] org.apache.catalina.core.AprLifecycleListener.lifecycleEvent APR功能：IPv6[true]、sendfile[true]、accept filters[false]、random[true]。
29-Apr-2022 17:54:05.106 信息 [main] org.apache.catalina.core.AprLifecycleListener.lifecycleEvent APR/OpenSSL配置：useAprConnector[false]，useOpenSSL[true]
29-Apr-2022 17:54:05.109 信息 [main] org.apache.catalina.core.AprLifecycleListener.initializeSSL OpenSSL成功初始化 [OpenSSL 1.1.1i  8 Dec 2020]
29-Apr-2022 17:54:05.175 信息 [main] org.apache.coyote.AbstractProtocol.init 初始化协议处理器 ["http-nio-8080"]
29-Apr-2022 17:54:05.284 信息 [main] org.apache.tomcat.util.net.NioSelectorPool.getSharedSelector Using a shared selector for servlet write/read
29-Apr-2022 17:54:05.290 信息 [main] org.apache.catalina.startup.Catalina.load Initialization processed in 398 ms
29-Apr-2022 17:54:05.305 信息 [main] org.apache.catalina.core.StandardService.startInternal 正在启动服务[Catalina]
29-Apr-2022 17:54:05.305 信息 [main] org.apache.catalina.core.StandardEngine.startInternal Starting Servlet Engine: Apache Tomcat/8.5.64
29-Apr-2022 17:54:05.319 信息 [localhost-startStop-1] org.apache.catalina.startup.HostConfig.deployWAR 正在部署web应用程序存档文件[C:\Users\msi01\Desktop\apache-tomcat-8.5.64-windows-x64\apache-tomcat-8.5.64\webapps\CanGuanServer.war]
29-Apr-2022 17:54:05.399 警告 [localhost-startStop-1] org.apache.tomcat.util.descriptor.web.WebXml.setVersion 未知版本字符串 [4.0]。将使用默认版本。
29-Apr-2022 17:54:05.763 信息 [localhost-startStop-1] org.apache.jasper.servlet.TldScanner.scanJars 至少有一个JAR被扫描用于TLD但尚未包含TLD。 为此记录器启用调试日志记录，以获取已扫描但未在其中找到TLD的完整JAR列表。 在扫描期间跳过不需要的JAR可以缩短启动时间和JSP编译时间。
29-Apr-2022 17:54:05.804 信息 [localhost-startStop-1] org.apache.catalina.startup.HostConfig.deployWAR web应用程序存档文件[C:\Users\msi01\Desktop\apache-tomcat-8.5.64-windows-x64\apache-tomcat-8.5.64\webapps\CanGuanServer.war]的部署已在[483]ms内完成
29-Apr-2022 17:54:05.806 信息 [localhost-startStop-1] org.apache.catalina.startup.HostConfig.deployDirectory 把web 应用程序部署到目录 [C:\Users\msi01\Desktop\apache-tomcat-8.5.64-windows-x64\apache-tomcat-8.5.64\webapps\docs]
29-Apr-2022 17:54:05.816 信息 [localhost-startStop-1] org.apache.catalina.startup.HostConfig.deployDirectory Web应用程序目录[C:\Users\msi01\Desktop\apache-tomcat-8.5.64-windows-x64\apache-tomcat-8.5.64\webapps\docs]的部署已在[10]毫秒内完成
29-Apr-2022 17:54:05.817 信息 [localhost-startStop-1] org.apache.catalina.startup.HostConfig.deployDirectory 把web 应用程序部署到目录 [C:\Users\msi01\Desktop\apache-tomcat-8.5.64-windows-x64\apache-tomcat-8.5.64\webapps\examples]
29-Apr-2022 17:54:05.967 信息 [localhost-startStop-1] org.apache.catalina.startup.HostConfig.deployDirectory Web应用程序目录[C:\Users\msi01\Desktop\apache-tomcat-8.5.64-windows-x64\apache-tomcat-8.5.64\webapps\examples]的部署已在[150]毫秒内完成
29-Apr-2022 17:54:05.974 信息 [localhost-startStop-1] org.apache.catalina.startup.HostConfig.deployDirectory 把web 应用程序部署到目录 [C:\Users\msi01\Desktop\apache-tomcat-8.5.64-windows-x64\apache-tomcat-8.5.64\webapps\host-manager]
29-Apr-2022 17:54:05.991 信息 [localhost-startStop-1] org.apache.catalina.startup.HostConfig.deployDirectory Web应用程序目录[C:\Users\msi01\Desktop\apache-tomcat-8.5.64-windows-x64\apache-tomcat-8.5.64\webapps\host-manager]的部署已在[16]毫秒内完成
29-Apr-2022 17:54:05.991 信息 [localhost-startStop-1] org.apache.catalina.startup.HostConfig.deployDirectory 把web 应用程序部署到目录 [C:\Users\msi01\Desktop\apache-tomcat-8.5.64-windows-x64\apache-tomcat-8.5.64\webapps\manager]
29-Apr-2022 17:54:06.007 信息 [localhost-startStop-1] org.apache.catalina.startup.HostConfig.deployDirectory Web应用程序目录[C:\Users\msi01\Desktop\apache-tomcat-8.5.64-windows-x64\apache-tomcat-8.5.64\webapps\manager]的部署已在[16]毫秒内完成
29-Apr-2022 17:54:06.008 信息 [localhost-startStop-1] org.apache.catalina.startup.HostConfig.deployDirectory 把web 应用程序部署到目录 [C:\Users\msi01\Desktop\apache-tomcat-8.5.64-windows-x64\apache-tomcat-8.5.64\webapps\ROOT]
29-Apr-2022 17:54:06.021 信息 [localhost-startStop-1] org.apache.catalina.startup.HostConfig.deployDirectory Web应用程序目录[C:\Users\msi01\Desktop\apache-tomcat-8.5.64-windows-x64\apache-tomcat-8.5.64\webapps\ROOT]的部署已在[13]毫秒内完成
29-Apr-2022 17:54:06.024 信息 [main] org.apache.coyote.AbstractProtocol.start 开始协议处理句柄["http-nio-8080"]
29-Apr-2022 17:54:06.034 信息 [main] org.apache.catalina.startup.Catalina.start Server startup in 744 ms
